{
  "RSpec": {
    "coverage": {
      "/Users/travisvalentine/hungry-projects/sales_engine/lib/sales_engine.rb": [
        1,
        null,
        1,
        1,
        null,
        1,
        null,
        1,
        0,
        null,
        null,
        null
      ],
      "/Users/travisvalentine/hungry-projects/sales_engine/lib/sales_engine/database.rb": [
        1,
        1,
        1,
        1,
        1,
        1,
        1,
        1,
        null,
        1,
        1,
        1,
        1,
        1,
        null,
        null,
        1,
        1,
        1,
        1,
        1,
        1,
        1,
        null,
        null,
        1,
        null,
        1,
        1,
        1001,
        1,
        null,
        null,
        1,
        1,
        4986,
        1,
        null,
        null,
        1,
        1,
        9411,
        1,
        null,
        null,
        1,
        1,
        2416,
        1,
        null,
        null,
        1,
        1,
        4986,
        1,
        null,
        null,
        1,
        1,
        101,
        1,
        null,
        null,
        1,
        6,
        null,
        null,
        null,
        null,
        null,
        null
      ],
      "/Users/travisvalentine/hungry-projects/sales_engine/lib/sales_engine/customer.rb": [
        1,
        1,
        1,
        null,
        1,
        1,
        1,
        1,
        null,
        1,
        null,
        null,
        1,
        1010,
        1010,
        1010,
        1010,
        1010,
        null,
        null,
        1,
        1,
        null,
        5,
        0,
        null,
        null,
        null,
        1,
        null,
        5,
        0,
        null,
        null,
        null,
        null,
        1,
        0,
        null,
        null,
        1,
        1,
        null,
        null,
        1,
        3,
        null,
        null,
        1,
        0,
        null,
        null,
        1,
        4997,
        null,
        null,
        1,
        1,
        4985,
        null,
        null,
        null,
        1,
        44874,
        null,
        null,
        1,
        54,
        null,
        null,
        1,
        4,
        null,
        null,
        1,
        2,
        null,
        null,
        1,
        0,
        0,
        null,
        null,
        null,
        1,
        0,
        0,
        null,
        0,
        null,
        null,
        null,
        null
      ],
      "/Users/travisvalentine/hungry-projects/sales_engine/lib/sales_engine/searchable.rb": [
        1,
        null,
        1,
        1,
        1,
        8688,
        null,
        null,
        1,
        119309857,
        null,
        null,
        null,
        null
      ],
      "/Users/travisvalentine/hungry-projects/sales_engine/lib/sales_engine/randomize.rb": [
        1,
        null,
        1,
        1,
        1,
        2,
        null,
        null,
        null,
        null
      ],
      "/Users/travisvalentine/hungry-projects/sales_engine/lib/sales_engine/invoice.rb": [
        1,
        1,
        null,
        1,
        1,
        1,
        1,
        null,
        1,
        null,
        null,
        1,
        5000,
        5000,
        5000,
        5000,
        5000,
        5000,
        null,
        null,
        1,
        1,
        null,
        6,
        0,
        null,
        null,
        null,
        1,
        null,
        6,
        23928,
        null,
        null,
        null,
        null,
        1,
        0,
        null,
        0,
        null,
        0,
        null,
        null,
        null,
        null,
        null,
        null,
        null,
        0,
        null,
        0,
        null,
        null,
        1,
        0,
        null,
        null,
        1,
        23928,
        null,
        null,
        1,
        23929,
        null,
        null,
        1,
        15020,
        null,
        null,
        1,
        0,
        null,
        null,
        1,
        10025,
        49974625,
        null,
        null,
        null,
        1,
        4989,
        46946490,
        null,
        null,
        null,
        1,
        2,
        4,
        null,
        null,
        null,
        1,
        6,
        null,
        null,
        1,
        2,
        18820,
        null,
        null,
        null,
        1,
        2,
        null,
        null,
        1,
        2002,
        null,
        null,
        1,
        10021,
        10021,
        null,
        null,
        null,
        1,
        5036,
        null,
        9410,
        5036,
        null,
        0,
        null,
        null,
        null,
        1,
        0,
        0,
        0,
        0,
        null,
        null,
        0,
        null,
        null,
        1,
        0,
        null,
        null,
        1,
        null,
        null,
        null,
        1,
        0,
        null,
        null,
        null,
        null
      ],
      "/Users/travisvalentine/hungry-projects/sales_engine/lib/sales_engine/invoice_item.rb": [
        1,
        null,
        1,
        1,
        1,
        null,
        null,
        1,
        9421,
        9421,
        9421,
        9421,
        9421,
        9421,
        9421,
        null,
        null,
        1,
        0,
        null,
        0,
        0,
        null,
        null,
        0,
        null,
        0,
        null,
        null,
        null,
        null,
        null,
        null,
        0,
        0,
        null,
        null,
        null,
        1,
        0,
        null,
        null,
        1,
        1,
        null,
        null,
        1,
        2,
        null,
        null,
        1,
        0,
        null,
        null,
        1,
        2,
        2,
        null,
        null,
        1,
        2,
        2,
        null,
        null,
        1,
        18820,
        null,
        null,
        1,
        18827,
        null,
        null,
        1,
        null,
        1,
        9421,
        null,
        null,
        null,
        null
      ],
      "/Users/travisvalentine/hungry-projects/sales_engine/lib/sales_engine/transaction.rb": [
        1,
        1,
        1,
        null,
        null,
        null,
        1,
        4996,
        4996,
        4996,
        4996,
        null,
        4996,
        4996,
        4996,
        null,
        null,
        1,
        0,
        null,
        null,
        null,
        null,
        null,
        null,
        null,
        null,
        0,
        null,
        0,
        null,
        null,
        1,
        0,
        null,
        null,
        1,
        1,
        null,
        null,
        1,
        2,
        null,
        null,
        1,
        0,
        null,
        null,
        1,
        2,
        2,
        null,
        null,
        1,
        10021,
        null,
        null,
        1,
        0,
        0,
        null,
        null,
        null,
        1,
        0,
        null,
        null,
        1,
        0,
        0,
        null,
        null,
        null,
        null,
        null
      ],
      "/Users/travisvalentine/hungry-projects/sales_engine/lib/sales_engine/item.rb": [
        1,
        1,
        1,
        null,
        1,
        1,
        1,
        1,
        null,
        1,
        null,
        null,
        1,
        2427,
        2427,
        2427,
        2427,
        2427,
        2427,
        2427,
        null,
        null,
        1,
        1,
        null,
        null,
        7,
        4,
        null,
        null,
        null,
        1,
        null,
        null,
        7,
        2,
        null,
        null,
        null,
        null,
        1,
        12,
        null,
        null,
        1,
        13,
        null,
        null,
        1,
        4840,
        null,
        null,
        1,
        0,
        null,
        null,
        1,
        4836,
        45506760,
        null,
        null,
        null,
        1,
        2,
        null,
        null,
        1,
        2,
        200,
        null,
        null,
        null,
        1,
        null,
        9410,
        148699,
        null,
        null,
        1,
        74352,
        null,
        null,
        1,
        3,
        1,
        null,
        2,
        null,
        null,
        null,
        1,
        null,
        9410,
        97141,
        null,
        null,
        1,
        3,
        48570,
        null,
        null,
        null,
        1,
        3,
        1,
        null,
        2,
        null,
        null,
        null,
        1,
        0,
        0,
        0,
        null,
        0,
        null,
        null,
        null,
        null
      ],
      "/Users/travisvalentine/hungry-projects/sales_engine/lib/sales_engine/merchant.rb": [
        1,
        1,
        1,
        null,
        1,
        1,
        null,
        1,
        1,
        null,
        1,
        null,
        1,
        111,
        111,
        111,
        111,
        null,
        null,
        1,
        1,
        null,
        4,
        2,
        null,
        null,
        null,
        1,
        null,
        4,
        0,
        null,
        null,
        null,
        null,
        1,
        3,
        null,
        null,
        1,
        4,
        null,
        null,
        1,
        3,
        null,
        null,
        1,
        0,
        null,
        null,
        1,
        3,
        7248,
        null,
        null,
        1,
        18924,
        null,
        null,
        1,
        9411,
        null,
        null,
        1,
        489320,
        null,
        null,
        1,
        0,
        null,
        null,
        1,
        1,
        0,
        null,
        1,
        1,
        51,
        null,
        1,
        null,
        null,
        null,
        1,
        102,
        null,
        null,
        1,
        null,
        4985,
        100,
        null,
        null,
        1,
        100,
        4985,
        null,
        null,
        null,
        1,
        0,
        0,
        0,
        null,
        0,
        null,
        null,
        1,
        0,
        0,
        0,
        null,
        0,
        null,
        null,
        1,
        0,
        null,
        null,
        1,
        0,
        0,
        null,
        null,
        null,
        1,
        0,
        null,
        null,
        1,
        0,
        null,
        null,
        1,
        0,
        null,
        null,
        1,
        0,
        0,
        0,
        0,
        null,
        0,
        null,
        null,
        null
      ]
    },
    "timestamp": 1333036163
  }
}
