{
  "RSpec": {
    "coverage": {
      "/Users/melaniegilman/Desktop/sales_engine/lib/sales_engine.rb": [
        1,
        1,
        1,
        1,
        1,
        1,
        1,
        1,
        1,
        1,
        1,
        1,
        null,
        1,
        1,
        0,
        null,
        null
      ],
      "/Users/melaniegilman/Desktop/sales_engine/lib/sales_engine/customer.rb": [
        1,
        1,
        null,
        1,
        null,
        null,
        null,
        null,
        null,
        1,
        1002,
        1002,
        1002,
        1002,
        1002,
        null,
        null,
        null,
        1,
        23,
        null,
        null,
        1,
        6,
        null,
        null,
        1,
        2,
        null,
        null,
        1,
        10,
        null,
        null,
        null,
        1,
        13,
        9,
        4,
        4,
        null,
        0,
        null,
        null,
        null,
        1,
        40256,
        null,
        null,
        1,
        40,
        null,
        null,
        1,
        0,
        null,
        null,
        1,
        0,
        null,
        null,
        1,
        89528,
        null,
        null,
        1,
        11192,
        null,
        null,
        1,
        40,
        null,
        null,
        1,
        4,
        4,
        36,
        0,
        null,
        36,
        null,
        null,
        4,
        null,
        null,
        1,
        2,
        20,
        2,
        null,
        null,
        null,
        null,
        null
      ],
      "/Users/melaniegilman/Desktop/sales_engine/lib/sales_engine/invoice.rb": [
        1,
        1,
        null,
        1,
        null,
        null,
        null,
        null,
        null,
        null,
        null,
        1,
        4844,
        4844,
        4844,
        4844,
        4844,
        4844,
        4844,
        null,
        null,
        1,
        3,
        2,
        1,
        1,
        null,
        0,
        null,
        null,
        null,
        1,
        15,
        null,
        null,
        1,
        4844,
        null,
        null,
        1,
        4648,
        null,
        null,
        1,
        2,
        null,
        null,
        1,
        1,
        null,
        null,
        1,
        12,
        null,
        null,
        1,
        27409530,
        null,
        null,
        1,
        100815115,
        null,
        null,
        1,
        14,
        4968,
        null,
        null,
        1,
        516,
        null,
        null,
        1,
        650477,
        302515,
        289880,
        12635,
        12635,
        null,
        null,
        null,
        1,
        4649,
        4649,
        4649,
        20747,
        null,
        null,
        0,
        null,
        4649,
        null,
        null,
        1,
        1,
        1,
        null,
        null,
        null,
        null,
        null,
        1,
        1,
        1,
        null,
        null,
        1,
        1,
        1,
        2,
        0,
        null,
        2,
        null,
        null,
        1,
        null,
        null,
        1,
        1,
        1,
        2,
        null,
        null,
        null,
        null,
        null,
        null,
        null,
        2,
        2,
        null,
        null,
        null,
        1,
        1,
        1,
        null,
        null,
        null,
        null,
        null,
        null,
        null,
        1,
        1,
        1,
        null,
        null,
        null,
        null
      ],
      "/Users/melaniegilman/Desktop/sales_engine/lib/sales_engine/merchant.rb": [
        1,
        1,
        1,
        null,
        null,
        null,
        null,
        null,
        null,
        1,
        100,
        100,
        100,
        100,
        100,
        100,
        null,
        null,
        1,
        37,
        null,
        null,
        1,
        2,
        null,
        null,
        1,
        4007,
        null,
        null,
        1,
        902,
        null,
        null,
        1,
        3,
        null,
        null,
        1,
        0,
        null,
        null,
        1,
        15,
        null,
        null,
        1,
        9,
        6,
        3,
        3,
        null,
        0,
        null,
        null,
        null,
        1,
        4968,
        null,
        null,
        1,
        19413915,
        null,
        null,
        1,
        49537,
        null,
        null,
        null,
        null,
        null,
        null,
        null,
        null,
        null,
        null,
        null,
        null,
        1,
        0,
        null,
        null,
        1,
        902,
        null,
        null,
        1,
        42828,
        19564380,
        null,
        null,
        1,
        300,
        300,
        62232,
        null,
        300,
        null,
        null,
        1,
        3,
        300,
        null,
        null,
        null,
        1,
        601,
        601,
        124644,
        null,
        601,
        601,
        null,
        null,
        1,
        302,
        301,
        null,
        1,
        null,
        null,
        null,
        1,
        1,
        1,
        224,
        0,
        null,
        null,
        1,
        null,
        null,
        1,
        3,
        300,
        null,
        null,
        null,
        null,
        null,
        null,
        null,
        null,
        null,
        null,
        null,
        null,
        null,
        null,
        null,
        null,
        1,
        3,
        3,
        null,
        null,
        1,
        3,
        3,
        null,
        null,
        1,
        606,
        6,
        null,
        null,
        1,
        3001,
        3001,
        119050,
        114050,
        null,
        null,
        3001,
        null,
        null,
        1,
        1,
        1,
        50,
        1,
        null,
        49,
        null,
        null,
        50,
        1,
        null,
        null,
        1,
        94,
        6,
        null,
        null,
        1,
        3003,
        null,
        null,
        1,
        1,
        1,
        100,
        4648,
        4626,
        null,
        22,
        null,
        null,
        null,
        1,
        null,
        null,
        null
      ],
      "/Users/melaniegilman/Desktop/sales_engine/lib/sales_engine/invoice_item.rb": [
        1,
        1,
        1,
        null,
        null,
        null,
        null,
        null,
        null,
        null,
        null,
        1,
        21689,
        21689,
        21689,
        21689,
        21689,
        21689,
        21689,
        21689,
        null,
        null,
        1,
        3,
        1,
        2,
        2,
        null,
        0,
        null,
        null,
        null,
        1,
        5,
        null,
        null,
        1,
        1,
        null,
        null,
        1,
        21689,
        null,
        null,
        1,
        1,
        1126,
        null,
        null,
        1,
        52859544,
        null,
        null,
        1,
        8,
        null,
        null,
        null,
        null,
        null
      ],
      "/Users/melaniegilman/Desktop/sales_engine/lib/sales_engine/item.rb": [
        1,
        1,
        null,
        1,
        null,
        null,
        null,
        null,
        null,
        null,
        null,
        null,
        null,
        1,
        2483,
        2483,
        2483,
        2483,
        2483,
        2483,
        2483,
        2483,
        2483,
        null,
        null,
        1,
        22,
        null,
        null,
        1,
        2483,
        null,
        null,
        1,
        0,
        null,
        null,
        1,
        7,
        null,
        null,
        1,
        3,
        1,
        2,
        2,
        null,
        0,
        null,
        null,
        null,
        1,
        53868688,
        null,
        null,
        1,
        145054,
        null,
        null,
        1,
        0,
        0,
        null,
        null,
        1,
        7450,
        7450,
        62237,
        null,
        7450,
        null,
        null,
        null,
        1,
        7449,
        7449,
        62232,
        null,
        7449,
        null,
        null,
        1,
        3,
        7449,
        null,
        null,
        null,
        1,
        3,
        7452,
        3,
        null,
        null,
        1,
        3,
        7449,
        null,
        null,
        null,
        1,
        3,
        7452,
        3,
        null,
        null,
        1,
        2,
        2,
        14,
        4,
        null,
        10,
        null,
        null,
        2,
        null,
        null,
        1,
        12,
        null,
        null,
        null,
        null,
        null,
        null,
        null
      ],
      "/Users/melaniegilman/Desktop/sales_engine/lib/sales_engine/transaction.rb": [
        1,
        1,
        1,
        null,
        null,
        null,
        null,
        null,
        null,
        null,
        1,
        5596,
        5596,
        5596,
        5596,
        null,
        5596,
        5596,
        5596,
        null,
        null,
        1,
        3,
        1,
        2,
        2,
        null,
        0,
        null,
        null,
        null,
        1,
        7,
        null,
        null,
        1,
        4,
        null,
        null,
        1,
        2,
        null,
        null,
        1,
        8174,
        null,
        null,
        null,
        null
      ],
      "/Users/melaniegilman/Desktop/sales_engine/lib/sales_engine/data_store.rb": [
        1,
        null,
        1,
        1,
        1,
        null,
        1,
        1,
        null,
        null,
        null,
        null,
        null,
        null,
        1,
        1,
        1,
        1,
        1,
        1,
        1,
        null,
        null,
        1,
        6,
        null,
        null,
        1,
        1,
        1001,
        null,
        null,
        1,
        1,
        4844,
        null,
        null,
        1,
        1,
        101,
        null,
        null,
        1,
        1,
        2484,
        null,
        null,
        1,
        1,
        21688,
        null,
        null,
        1,
        1,
        5596,
        null,
        null,
        null
      ],
      "/Users/melaniegilman/Desktop/sales_engine/lib/sales_engine/search.rb": [
        1,
        1,
        null,
        1,
        20,
        90,
        null,
        4926,
        null,
        null,
        null,
        1,
        14,
        3205,
        null,
        65484,
        null,
        null,
        null,
        null
      ]
    },
    "timestamp": 1336415248
  }
}
