{
  "RSpec": {
    "coverage": {
      "/Users/travisvalentine/hungry-projects/sales_engine/lib/sales_engine.rb": [
        1,
        null,
        1,
        null,
        1,
        null,
        1,
        0,
        null,
        null,
        null
      ],
      "/Users/travisvalentine/hungry-projects/sales_engine/lib/sales_engine/database.rb": [
        1,
        1,
        1,
        1,
        1,
        1,
        1,
        1,
        null,
        1,
        1,
        1,
        1,
        1,
        null,
        1,
        1,
        1,
        1,
        1,
        1,
        1,
        null,
        null,
        null,
        1,
        null,
        1,
        1,
        1001,
        1,
        null,
        null,
        1,
        1,
        2416,
        1,
        null,
        null,
        1,
        1,
        22265,
        1,
        null,
        null,
        1,
        1,
        2416,
        1,
        null,
        null,
        1,
        1,
        4986,
        1,
        null,
        null,
        1,
        1,
        101,
        1,
        null,
        null,
        1,
        6,
        null,
        null,
        null,
        null,
        null,
        null
      ],
      "/Users/travisvalentine/hungry-projects/sales_engine/lib/sales_engine/customer.rb": [
        1,
        1,
        1,
        null,
        1,
        1,
        1,
        1,
        null,
        1,
        null,
        null,
        1,
        1007,
        1007,
        1007,
        1007,
        1007,
        null,
        null,
        1,
        1,
        null,
        5,
        0,
        null,
        null,
        null,
        1,
        null,
        5,
        0,
        null,
        null,
        null,
        1,
        0,
        null,
        null,
        null,
        1,
        0,
        null,
        null,
        1,
        0,
        0,
        0,
        null,
        null,
        null,
        1,
        0,
        null,
        null,
        1,
        1,
        2416,
        null,
        null,
        null,
        null
      ],
      "/Users/travisvalentine/hungry-projects/sales_engine/lib/sales_engine/searchable.rb": [
        1,
        null,
        1,
        1,
        1,
        13,
        null,
        null,
        1,
        17,
        null,
        null,
        1,
        0,
        null,
        null,
        null,
        null
      ],
      "/Users/travisvalentine/hungry-projects/sales_engine/lib/sales_engine/randomize.rb": [
        1,
        null,
        1,
        1,
        1,
        2,
        null,
        null,
        null,
        null
      ],
      "/Users/travisvalentine/hungry-projects/sales_engine/lib/sales_engine/invoice.rb": [
        1,
        1,
        null,
        1,
        null,
        1,
        null,
        1,
        2416,
        2416,
        2416,
        2416,
        2416,
        2416,
        null,
        null,
        1,
        1,
        null,
        6,
        0,
        null,
        null,
        null,
        1,
        null,
        6,
        0,
        null,
        null,
        null,
        null,
        1,
        0,
        null,
        null,
        null,
        null
      ],
      "/Users/travisvalentine/hungry-projects/sales_engine/lib/sales_engine/invoice_item.rb": [
        1,
        1,
        1,
        null,
        null,
        null,
        null,
        null,
        null,
        null,
        null,
        null,
        null,
        null,
        null,
        null,
        null,
        null,
        null,
        null,
        null,
        null
      ],
      "/Users/travisvalentine/hungry-projects/sales_engine/lib/sales_engine/transaction.rb": [
        1,
        1,
        1,
        null,
        null,
        null,
        null,
        null,
        null,
        null,
        null,
        null,
        null,
        null,
        null,
        null,
        null,
        null
      ],
      "/Users/travisvalentine/hungry-projects/sales_engine/lib/sales_engine/item.rb": [
        1,
        1,
        null,
        1,
        null,
        1,
        null,
        1,
        2416,
        2416,
        2416,
        2416,
        2416,
        2416,
        2416,
        null,
        null,
        1,
        1,
        null,
        null,
        7,
        0,
        null,
        null,
        null,
        1,
        null,
        null,
        7,
        0,
        null,
        null,
        null,
        null,
        1,
        0,
        null,
        null,
        null,
        null,
        null,
        null,
        null,
        null,
        null,
        null,
        null,
        null,
        null,
        null,
        null,
        null
      ],
      "/Users/travisvalentine/hungry-projects/sales_engine/lib/sales_engine/merchant.rb": [
        1,
        1,
        null,
        1,
        null,
        1,
        null,
        1,
        101,
        101,
        101,
        101,
        null,
        null,
        1,
        1,
        null,
        4,
        0,
        null,
        null,
        null,
        1,
        null,
        4,
        0,
        null,
        null,
        null,
        null,
        1,
        0,
        null,
        null,
        null,
        null,
        null,
        null,
        null,
        null,
        null,
        null,
        null,
        null,
        null,
        null,
        null,
        null,
        null,
        null,
        null,
        null,
        null,
        null,
        null,
        null,
        null,
        null,
        null,
        null,
        null,
        null,
        null,
        null,
        null,
        null,
        null,
        null,
        null,
        null,
        null,
        null,
        null,
        null,
        null
      ]
    },
    "timestamp": 1332775099
  }
}
